==100147== Memcheck, a memory error detector
==100147== Copyright (C) 2002-2024, and GNU GPL'd, by Julian Seward et al.
==100147== Using Valgrind-3.26.0 and LibVEX; rerun with -h for copyright info
==100147== Command: ../../Day1/playground/invalid_memory.out
==100147== Parent PID: 100146
==100147== 
==100147== Invalid write of size 8
==100147==    at 0x4001217: simulate_invalid_memory_access (main.c:16)
==100147==    by 0x40012F1: main (main.c:28)
==100147==  Address 0x4aa8488 is 8 bytes inside a block of size 10 alloc'd
==100147==    at 0x4850858: malloc (vg_replace_malloc.c:447)
==100147==    by 0x40011CD: simulate_invalid_memory_access (main.c:7)
==100147==    by 0x40012F1: main (main.c:28)
==100147== 
==100147== Invalid write of size 8
==100147==    at 0x400122F: simulate_invalid_memory_access (main.c:16)
==100147==    by 0x40012F1: main (main.c:28)
==100147==  Address 0x4aa8490 is 6 bytes after a block of size 10 alloc'd
==100147==    at 0x4850858: malloc (vg_replace_malloc.c:447)
==100147==    by 0x40011CD: simulate_invalid_memory_access (main.c:7)
==100147==    by 0x40012F1: main (main.c:28)
==100147== 
==100147== Invalid write of size 8
==100147==    at 0x4001233: simulate_invalid_memory_access (main.c:16)
==100147==    by 0x40012F1: main (main.c:28)
==100147==  Address 0x4aa8498 is 14 bytes after a block of size 10 alloc'd
==100147==    at 0x4850858: malloc (vg_replace_malloc.c:447)
==100147==    by 0x40011CD: simulate_invalid_memory_access (main.c:7)
==100147==    by 0x40012F1: main (main.c:28)
==100147== 
==100147== Invalid write of size 8
==100147==    at 0x400124B: simulate_invalid_memory_access (main.c:16)
==100147==    by 0x40012F1: main (main.c:28)
==100147==  Address 0x4aa84a0 is 22 bytes after a block of size 10 alloc'd
==100147==    at 0x4850858: malloc (vg_replace_malloc.c:447)
==100147==    by 0x40011CD: simulate_invalid_memory_access (main.c:7)
==100147==    by 0x40012F1: main (main.c:28)
==100147== 
==100147== Invalid write of size 8
==100147==    at 0x400124F: simulate_invalid_memory_access (main.c:16)
==100147==    by 0x40012F1: main (main.c:28)
==100147==  Address 0x4aa84a8 is 24 bytes after a block of size 16 in arena "client"
==100147== 

valgrind: m_mallocfree.c:304 (get_bszB_as_is): Assertion 'bszB_lo == bszB_hi' failed.
valgrind: Heap block lo/hi size mismatch: lo = 80, hi = 2340020664396246633.
This is probably caused by your program erroneously writing past the
end of a heap block and corrupting heap metadata.  If you fix any
invalid writes reported by Memcheck, this assertion failure will
probably go away.  Please try that before reporting this as a bug.


host stacktrace:
==100147==    at 0x580480FA: ??? (in /usr/libexec/valgrind/memcheck-amd64-linux)
==100147==    by 0x5804823F: ??? (in /usr/libexec/valgrind/memcheck-amd64-linux)
==100147==    by 0x580483E4: ??? (in /usr/libexec/valgrind/memcheck-amd64-linux)
==100147==    by 0x580527B9: ??? (in /usr/libexec/valgrind/memcheck-amd64-linux)
==100147==    by 0x5803FA2A: ??? (in /usr/libexec/valgrind/memcheck-amd64-linux)
==100147==    by 0x5803E017: ??? (in /usr/libexec/valgrind/memcheck-amd64-linux)
==100147==    by 0x58042FF1: ??? (in /usr/libexec/valgrind/memcheck-amd64-linux)
==100147==    by 0x5803CED3: ??? (in /usr/libexec/valgrind/memcheck-amd64-linux)
==100147==    by 0x10092D7912: ???
==100147==    by 0x10091A5F1F: ???

sched status:
  running_tid=1

Thread 1: status = VgTs_Runnable (lwpid 100147)
==100147==    at 0x4001267: simulate_invalid_memory_access (main.c:16)
==100147==    by 0x40012F1: main (main.c:28)
client stack range: [0x1FFEFFD000 0x1FFF000FFF] client SP: 0x1FFEFFF950
valgrind stack range: [0x10090A6000 0x10091A5FFF] top usage: 18728 of 1048576


Note: see also the FAQ in the source distribution.
It contains workarounds to several common problems.
In particular, if Valgrind aborted or crashed after
identifying problems in your program, there's a good chance
that fixing those problems will prevent Valgrind aborting or
crashing, especially if it happened in m_mallocfree.c.

If that doesn't help, please report this bug to: www.valgrind.org

In the bug report, send all the above text, the valgrind
version, and what OS and version you are using.  Thanks.

