==89309== Memcheck, a memory error detector
==89309== Copyright (C) 2002-2024, and GNU GPL'd, by Julian Seward et al.
==89309== Using Valgrind-3.26.0 and LibVEX; rerun with -h for copyright info
==89309== Command: ./a.out
==89309== Parent PID: 21911
==89309== 
==89309== 
==89309== HEAP SUMMARY:
==89309==     in use at exit: 100 bytes in 1 blocks
==89309==   total heap usage: 1 allocs, 0 frees, 100 bytes allocated
==89309== 
==89309== LEAK SUMMARY:
==89309==    definitely lost: 0 bytes in 0 blocks
==89309==    indirectly lost: 0 bytes in 0 blocks
==89309==      possibly lost: 0 bytes in 0 blocks
==89309==    still reachable: 100 bytes in 1 blocks
==89309==         suppressed: 0 bytes in 0 blocks
==89309== Reachable blocks (those to which a pointer was found) are not shown.
==89309== To see them, rerun with: --leak-check=full --show-leak-kinds=all
==89309== 
==89309== For lists of detected and suppressed errors, rerun with: -s
==89309== ERROR SUMMARY: 0 errors from 0 contexts (suppressed: 0 from 0)
