==112343== Memcheck, a memory error detector
==112343== Copyright (C) 2002-2024, and GNU GPL'd, by Julian Seward et al.
==112343== Using Valgrind-3.26.0 and LibVEX; rerun with -h for copyright info
==112343== Command: ./a.out
==112343== Parent PID: 20112
==112343== 
==112343== Conditional jump or move depends on uninitialised value(s)
==112343==    at 0x40011CA: main (uninitialized.c:7)
==112343== 
==112343== Invalid write of size 1
==112343==    at 0x40011FF: main (uninitialized.c:18)
==112343==  Address 0x4aa80fa is 0 bytes after a block of size 10 alloc'd
==112343==    at 0x4850858: malloc (vg_replace_malloc.c:447)
==112343==    by 0x40011F2: main (uninitialized.c:17)
==112343== 
==112343== Conditional jump or move depends on uninitialised value(s)
==112343==    at 0x4001212: main (uninitialized.c:23)
==112343== 
==112343== Invalid write of size 1
==112343==    at 0x4001241: main (uninitialized.c:30)
==112343==  Address 0x4aa8140 is 0 bytes inside a block of size 100 free'd
==112343==    at 0x48538BF: free (vg_replace_malloc.c:990)
==112343==    by 0x400123C: main (uninitialized.c:29)
==112343==  Block was alloc'd at
==112343==    at 0x4850858: malloc (vg_replace_malloc.c:447)
==112343==    by 0x400122C: main (uninitialized.c:28)
==112343== 
==112343== Invalid free() / delete / delete[] / realloc()
==112343==    at 0x48538BF: free (vg_replace_malloc.c:990)
==112343==    by 0x4001269: main (uninitialized.c:36)
==112343==  Address 0x4aa81f0 is 0 bytes inside a block of size 100 free'd
==112343==    at 0x48538BF: free (vg_replace_malloc.c:990)
==112343==    by 0x400125D: main (uninitialized.c:35)
==112343==  Block was alloc'd at
==112343==    at 0x4850858: malloc (vg_replace_malloc.c:447)
==112343==    by 0x400124D: main (uninitialized.c:34)
==112343== 
==112343== 
==112343== HEAP SUMMARY:
==112343==     in use at exit: 100 bytes in 1 blocks
==112343==   total heap usage: 4 allocs, 4 frees, 310 bytes allocated
==112343== 
==112343== 100 bytes in 1 blocks are definitely lost in loss record 1 of 1
==112343==    at 0x4850858: malloc (vg_replace_malloc.c:447)
==112343==    by 0x40011E4: main (uninitialized.c:13)
==112343== 
==112343== LEAK SUMMARY:
==112343==    definitely lost: 100 bytes in 1 blocks
==112343==    indirectly lost: 0 bytes in 0 blocks
==112343==      possibly lost: 0 bytes in 0 blocks
==112343==    still reachable: 0 bytes in 0 blocks
==112343==         suppressed: 0 bytes in 0 blocks
==112343== 
==112343== Use --track-origins=yes to see where uninitialised values come from
==112343== For lists of detected and suppressed errors, rerun with: -s
==112343== ERROR SUMMARY: 6 errors from 6 contexts (suppressed: 0 from 0)
